[22:57:44] [ServerMain/INFO]: [bootstrap] Running Java 21 (OpenJDK 64-Bit Server VM 21.0.5+11-Ubuntu-1ubuntu120.04; Ubuntu null) on Linux 6.5.0-1025-azure (amd64)
[22:57:44] [ServerMain/INFO]: [bootstrap] Loading Paper 1.21-130-master@b1b5d4c (2024-08-10T10:02:42Z) for Minecraft 1.21
[22:57:44] [ServerMain/INFO]: [PluginInitializerManager] Initializing plugins...
[22:57:44] [ServerMain/INFO]: [PluginInitializerManager] Initialized 0 plugins
[22:57:44] [Paper Plugin Remapper Thread - 1/INFO]: [ReobfServer] Remapping server...
[22:57:50] [ServerMain/INFO]: Environment: Environment[sessionHost=https://sessionserver.mojang.com, servicesHost=https://api.minecraftservices.com, name=PROD]
[22:57:50] [ServerMain/INFO]: Found new data pack file/bukkit, loading it automatically
[22:57:50] [ServerMain/INFO]: Found new data pack paper, loading it automatically
[22:57:52] [ServerMain/INFO]: No existing world data, creating new world
[22:57:54] [ServerMain/INFO]: Loaded 1290 recipes
[22:57:54] [ServerMain/INFO]: Loaded 1399 advancements
[22:57:54] [Paper Plugin Remapper Thread - 1/INFO]: [ReobfServer] Done remapping server in 9712ms.
[22:57:54] [Server thread/INFO]: Starting minecraft server version 1.21
[22:57:54] [Server thread/INFO]: Loading properties
[22:57:54] [Server thread/INFO]: This server is running Paper version 1.21-130-master@b1b5d4c (2024-08-10T10:02:42Z) (Implementing API version 1.21-R0.1-SNAPSHOT)
[22:57:55] [Server thread/INFO]: [spark] This server bundles the spark profiler. For more information please visit https://docs.papermc.io/paper/profiling
[22:57:55] [Server thread/INFO]: Server Ping Player Sample Count: 12
[22:57:55] [Server thread/INFO]: Using 4 threads for Netty based IO
[22:57:56] [Server thread/INFO]: [ChunkTaskScheduler] Chunk system is using 1 I/O threads, 1 worker threads, and population gen parallelism of 1 threads
[22:57:56] [Server thread/INFO]: Default game type: SURVIVAL
[22:57:56] [Server thread/INFO]: Generating keypair
[22:57:56] [Server thread/INFO]: Starting Minecraft server on *:25565
[22:57:56] [Server thread/INFO]: Using epoll channel type
[22:57:56] [Server thread/INFO]: Paper: Using libdeflate (Linux x86_64) compression from Velocity.
[22:57:56] [Server thread/INFO]: Paper: Using OpenSSL 1.1.x (Linux x86_64) cipher from Velocity.
[22:57:56] [Server thread/WARN]: **** SERVER IS RUNNING IN OFFLINE/INSECURE MODE!
[22:57:56] [Server thread/WARN]: The server will make no attempt to authenticate usernames. Beware.
[22:57:56] [Server thread/WARN]: While this makes the game possible to play without internet access, it also opens up the ability for hackers to connect with any username they choose.
[22:57:56] [Server thread/WARN]: To change this, set "online-mode" to "true" in the server.properties file.
[22:57:56] [Server thread/INFO]: Preparing level "world"
[22:58:08] [Server thread/INFO]: Preparing start region for dimension minecraft:overworld
[22:58:14] [Server thread/INFO]: Time elapsed: 5673 ms
[22:58:14] [Server thread/INFO]: Preparing start region for dimension minecraft:the_nether
[22:58:16] [Server thread/INFO]: Time elapsed: 2347 ms
[22:58:16] [Server thread/INFO]: Preparing start region for dimension minecraft:the_end
[22:58:16] [Server thread/INFO]: Time elapsed: 512 ms
[22:58:16] [Server thread/INFO]: [spark] Starting background profiler...
[22:58:17] [Server thread/INFO]: Done preparing level "world" (20.587s)
[22:58:17] [Server thread/INFO]: Running delayed init tasks
[22:58:17] [Server thread/INFO]: Done (33.865s)! For help, type "help"
[22:58:17] [Server thread/INFO]: *************************************************************************************
[22:58:17] [Server thread/INFO]: This is the first time you're starting this server.
[22:58:17] [Server thread/INFO]: It's recommended you read our 'Getting Started' documentation for guidance.
[22:58:17] [Server thread/INFO]: View this and more helpful information here: https://docs.papermc.io/paper/next-steps
[22:58:17] [Server thread/INFO]: *************************************************************************************
[22:58:17] [Server thread/INFO]: Timings Reset
[22:59:52] [Server thread/INFO]: Stopping the server
[22:59:52] [Server thread/INFO]: Stopping server
[22:59:52] [Server thread/INFO]: Saving players
[22:59:52] [Server thread/INFO]: Saving worlds
[22:59:52] [Server thread/INFO]: Saving chunks for level 'ServerLevel[world]'/minecraft:overworld
[22:59:52] [Server thread/INFO]: [ChunkHolderManager] Waiting 60s for chunk system to halt for world 'world'
[22:59:52] [Server thread/INFO]: [ChunkHolderManager] Halted chunk system for world 'world'
[22:59:52] [Server thread/INFO]: [ChunkHolderManager] Saving all chunkholders for world 'world'
[22:59:53] [Server thread/INFO]: [ChunkHolderManager] Saved 841 block chunks, 49 entity chunks, 2 poi chunks in world 'world' in 1.14s
[22:59:53] [Server thread/INFO]: Saving chunks for level 'ServerLevel[world_nether]'/minecraft:the_nether
[22:59:53] [Server thread/INFO]: [ChunkHolderManager] Waiting 60s for chunk system to halt for world 'world_nether'
[22:59:53] [Server thread/INFO]: [ChunkHolderManager] Halted chunk system for world 'world_nether'
[22:59:53] [Server thread/INFO]: [ChunkHolderManager] Saving all chunkholders for world 'world_nether'
[22:59:53] [Server thread/INFO]: [ChunkHolderManager] Saved 841 block chunks, 49 entity chunks, 0 poi chunks in world 'world_nether' in 0.40s
[22:59:53] [Server thread/INFO]: Saving chunks for level 'ServerLevel[world_the_end]'/minecraft:the_end
[22:59:53] [Server thread/INFO]: [ChunkHolderManager] Waiting 60s for chunk system to halt for world 'world_the_end'
[22:59:53] [Server thread/INFO]: [ChunkHolderManager] Halted chunk system for world 'world_the_end'
[22:59:53] [Server thread/INFO]: [ChunkHolderManager] Saving all chunkholders for world 'world_the_end'
[22:59:54] [Server thread/INFO]: [ChunkHolderManager] Saved 841 block chunks, 49 entity chunks, 0 poi chunks in world 'world_the_end' in 0.34s
[22:59:54] [Server thread/INFO]: ThreadedAnvilChunkStorage (world): All chunks are saved
[22:59:54] [Server thread/INFO]: ThreadedAnvilChunkStorage (DIM-1): All chunks are saved
[22:59:54] [Server thread/INFO]: ThreadedAnvilChunkStorage (DIM1): All chunks are saved
[22:59:54] [Server thread/INFO]: ThreadedAnvilChunkStorage: All dimensions are saved
